<?xml version="1.0" encoding="UTF-8"?>
<!-- Generated by org.testng.reporters.JUnitReportReporter -->
<testsuite hostname="ASHISH" failures="0" tests="6" name="testPage.HomePageTest" time="8.202" errors="0" timestamp="2023-01-14T11:44:34 IST" skipped="5">
  <testcase classname="testPage.HomePageTest" name="verifyLoginBtnTest" time="8.202"/>
  <system-out/>
  <testcase classname="testPage.HomePageTest" name="verifyTextTest">
    <skipped/>
  </testcase> <!-- verifyTextTest -->
  <system-out/>
  <testcase classname="testPage.HomePageTest" name="verifyTitleTest">
    <skipped/>
  </testcase> <!-- verifyTitleTest -->
  <system-out/>
  <testcase classname="testPage.HomePageTest" name="verifyUrlTest">
    <skipped/>
  </testcase> <!-- verifyUrlTest -->
  <system-out/>
  <testcase classname="testPage.HomePageTest" name="verifyLogoTest">
    <skipped/>
  </testcase> <!-- verifyLogoTest -->
  <system-out/>
  <testcase classname="testPage.HomePageTest" name="verifyloginDogLogoTest">
    <skipped/>
  </testcase> <!-- verifyloginDogLogoTest -->
  <system-out/>
</testsuite> <!-- testPage.HomePageTest -->
