<?xml version="1.0" encoding="UTF-8"?>
<!-- Generated by org.testng.reporters.JUnitReportReporter -->
<testsuite hostname="ASHISH" failures="0" tests="2" name="testPage.OtpPageTest" time="30.057" errors="0" timestamp="2023-01-15T15:59:14 IST" skipped="1">
  <testcase classname="testPage.OtpPageTest" name="verifyContinueBtnTest" time="30.057"/>
  <system-out/>
  <testcase classname="testPage.OtpPageTest" name="verifyOtpBoxTest">
    <skipped/>
  </testcase> <!-- verifyOtpBoxTest -->
  <system-out/>
</testsuite> <!-- testPage.OtpPageTest -->
